This file contains any messages produced by compilers while
running configure, to aid debugging if configure makes a mistake.

It was created by ta-lib configure git, which was
generated by GNU Autoconf 2.69.  Invocation command line was

  $ ./configure 

## --------- ##
## Platform. ##
## --------- ##

hostname = xmatt-ch3
uname -m = aarch64
uname -r = 5.13.0-1027-oracle
uname -s = Linux
uname -v = #32~20.04.1-Ubuntu SMP Fri Apr 15 06:01:57 UTC 2022

/usr/bin/uname -p = aarch64
/bin/uname -X     = unknown

/bin/arch              = aarch64
/usr/bin/arch -k       = unknown
/usr/convex/getsysinfo = unknown
/usr/bin/hostinfo      = unknown
/bin/machine           = unknown
/usr/bin/oslevel       = unknown
/bin/universe          = unknown

PATH: /home/matt/.local/bin
PATH: /home/matt/.pyenv/shims
PATH: /home/matt/.pyenv/bin
PATH: /home/matt/.local/bin
PATH: /home/matt/.pyenv/shims
PATH: /home/matt/.pyenv/bin
PATH: /usr/local/sbin
PATH: /usr/local/bin
PATH: /usr/sbin
PATH: /usr/bin
PATH: /sbin
PATH: /bin
PATH: /usr/games
PATH: /usr/local/games
PATH: /snap/bin


## ----------- ##
## Core tests. ##
## ----------- ##

configure:2330: checking for a BSD-compatible install
configure:2398: result: /usr/bin/install -c
configure:2409: checking whether build environment is sane
configure:2464: result: yes
configure:2613: checking for a thread-safe mkdir -p
configure:2652: result: /usr/bin/mkdir -p
configure:2659: checking for gawk
configure:2675: found /usr/bin/gawk
configure:2686: result: gawk
configure:2697: checking whether make sets $(MAKE)
configure:2719: result: yes
configure:2748: checking whether make supports nested variables
configure:2765: result: yes
configure:2897: checking whether make supports the include directive
configure:2912: make -f confmf.GNU && cat confinc.out
this is the am__doit target
configure:2915: $? = 0
configure:2934: result: yes (GNU style)
configure:3004: checking for gcc
configure:3020: found /usr/bin/gcc
configure:3031: result: gcc
configure:3260: checking for C compiler version
configure:3269: gcc --version >&5
gcc (Ubuntu 9.4.0-1ubuntu1~20.04.1) 9.4.0
Copyright (C) 2019 Free Software Foundation, Inc.
This is free software; see the source for copying conditions.  There is NO
warranty; not even for MERCHANTABILITY or FITNESS FOR A PARTICULAR PURPOSE.

configure:3280: $? = 0
configure:3269: gcc -v >&5
Using built-in specs.
COLLECT_GCC=gcc
COLLECT_LTO_WRAPPER=/usr/lib/gcc/aarch64-linux-gnu/9/lto-wrapper
Target: aarch64-linux-gnu
Configured with: ../src/configure -v --with-pkgversion='Ubuntu 9.4.0-1ubuntu1~20.04.1' --with-bugurl=file:///usr/share/doc/gcc-9/README.Bugs --enable-languages=c,ada,c++,go,d,fortran,objc,obj-c++,gm2 --prefix=/usr --with-gcc-major-version-only --program-suffix=-9 --program-prefix=aarch64-linux-gnu- --enable-shared --enable-linker-build-id --libexecdir=/usr/lib --without-included-gettext --enable-threads=posix --libdir=/usr/lib --enable-nls --enable-clocale=gnu --enable-libstdcxx-debug --enable-libstdcxx-time=yes --with-default-libstdcxx-abi=new --enable-gnu-unique-object --disable-libquadmath --disable-libquadmath-support --enable-plugin --enable-default-pie --with-system-zlib --with-target-system-zlib=auto --enable-objc-gc=auto --enable-multiarch --enable-fix-cortex-a53-843419 --disable-werror --enable-checking=release --build=aarch64-linux-gnu --host=aarch64-linux-gnu --target=aarch64-linux-gnu
Thread model: posix
gcc version 9.4.0 (Ubuntu 9.4.0-1ubuntu1~20.04.1) 
configure:3280: $? = 0
configure:3269: gcc -V >&5
gcc: error: unrecognized command line option '-V'
gcc: fatal error: no input files
compilation terminated.
configure:3280: $? = 1
configure:3269: gcc -qversion >&5
gcc: error: unrecognized command line option '-qversion'; did you mean '--version'?
gcc: fatal error: no input files
compilation terminated.
configure:3280: $? = 1
configure:3300: checking whether the C compiler works
configure:3322: gcc    conftest.c  >&5
configure:3326: $? = 0
configure:3374: result: yes
configure:3377: checking for C compiler default output file name
configure:3379: result: a.out
configure:3385: checking for suffix of executables
configure:3392: gcc -o conftest    conftest.c  >&5
configure:3396: $? = 0
configure:3418: result: 
configure:3440: checking whether we are cross compiling
configure:3448: gcc -o conftest    conftest.c  >&5
configure:3452: $? = 0
configure:3459: ./conftest
configure:3463: $? = 0
configure:3451: result: no
configure:3456: checking for suffix of object files
configure:3478: gcc -c   conftest.c >&5
configure:3482: $? = 0
configure:3503: result: o
configure:3507: checking whether we are using the GNU C compiler
configure:3526: gcc -c   conftest.c >&5
configure:3526: $? = 0
configure:3535: result: yes
configure:3544: checking whether gcc accepts -g
configure:3564: gcc -c -g  conftest.c >&5
configure:3564: $? = 0
configure:3605: result: yes
configure:3622: checking for gcc option to accept ISO C89
configure:3685: gcc  -c -g -O2  conftest.c >&5
configure:3685: $? = 0
configure:3698: result: none needed
configure:3723: checking whether gcc understands -c and -o together
configure:3745: gcc -c conftest.c -o conftest2.o
configure:3748: $? = 0
configure:3745: gcc -c conftest.c -o conftest2.o
configure:3748: $? = 0
configure:3760: result: yes
configure:3779: checking dependency style of gcc
configure:3890: result: gcc3
configure:3955: checking for ar
configure:3971: found /usr/bin/ar
configure:3982: result: ar
configure:4008: checking the archiver (ar) interface
configure:4024: gcc -c -g -O2  conftest.c >&5
configure:4024: $? = 0
configure:4026: ar cru libconftest.a conftest.o >&5
ar: `u' modifier ignored since `D' is the default (see `U')
configure:4029: $? = 0
configure:4028: result: ar
configure:4096: checking for gcc
configure:4123: result: gcc
configure:4352: checking for C compiler version
configure:4361: gcc --version >&5
gcc (Ubuntu 9.4.0-1ubuntu1~20.04.1) 9.4.0
Copyright (C) 2019 Free Software Foundation, Inc.
This is free software; see the source for copying conditions.  There is NO
warranty; not even for MERCHANTABILITY or FITNESS FOR A PARTICULAR PURPOSE.

configure:4372: $? = 0
configure:4361: gcc -v >&5
Using built-in specs.
COLLECT_GCC=gcc
COLLECT_LTO_WRAPPER=/usr/lib/gcc/aarch64-linux-gnu/9/lto-wrapper
Target: aarch64-linux-gnu
Configured with: ../src/configure -v --with-pkgversion='Ubuntu 9.4.0-1ubuntu1~20.04.1' --with-bugurl=file:///usr/share/doc/gcc-9/README.Bugs --enable-languages=c,ada,c++,go,d,fortran,objc,obj-c++,gm2 --prefix=/usr --with-gcc-major-version-only --program-suffix=-9 --program-prefix=aarch64-linux-gnu- --enable-shared --enable-linker-build-id --libexecdir=/usr/lib --without-included-gettext --enable-threads=posix --libdir=/usr/lib --enable-nls --enable-clocale=gnu --enable-libstdcxx-debug --enable-libstdcxx-time=yes --with-default-libstdcxx-abi=new --enable-gnu-unique-object --disable-libquadmath --disable-libquadmath-support --enable-plugin --enable-default-pie --with-system-zlib --with-target-system-zlib=auto --enable-objc-gc=auto --enable-multiarch --enable-fix-cortex-a53-843419 --disable-werror --enable-checking=release --build=aarch64-linux-gnu --host=aarch64-linux-gnu --target=aarch64-linux-gnu
Thread model: posix
gcc version 9.4.0 (Ubuntu 9.4.0-1ubuntu1~20.04.1) 
configure:4372: $? = 0
configure:4361: gcc -V >&5
gcc: error: unrecognized command line option '-V'
gcc: fatal error: no input files
compilation terminated.
configure:4372: $? = 1
configure:4361: gcc -qversion >&5
gcc: error: unrecognized command line option '-qversion'; did you mean '--version'?
gcc: fatal error: no input files
compilation terminated.
configure:4372: $? = 1
configure:4376: checking whether we are using the GNU C compiler
configure:4404: result: yes
configure:4413: checking whether gcc accepts -g
configure:4474: result: yes
configure:4491: checking for gcc option to accept ISO C89
configure:4567: result: none needed
configure:4592: checking whether gcc understands -c and -o together
configure:4629: result: yes
configure:4648: checking dependency style of gcc
configure:4759: result: gcc3
configure:4803: checking build system type
configure:4817: result: aarch64-unknown-linux-gnu
configure:4837: checking host system type
configure:4850: result: aarch64-unknown-linux-gnu
configure:4891: checking how to print strings
configure:4918: result: printf
configure:4939: checking for a sed that does not truncate output
configure:5003: result: /usr/bin/sed
configure:5021: checking for grep that handles long lines and -e
configure:5079: result: /usr/bin/grep
configure:5084: checking for egrep
configure:5146: result: /usr/bin/grep -E
configure:5151: checking for fgrep
configure:5213: result: /usr/bin/grep -F
configure:5248: checking for ld used by gcc
configure:5315: result: /usr/bin/ld
configure:5322: checking if the linker (/usr/bin/ld) is GNU ld
configure:5337: result: yes
configure:5349: checking for BSD- or MS-compatible name lister (nm)
configure:5403: result: /usr/bin/nm -B
configure:5533: checking the name lister (/usr/bin/nm -B) interface
configure:5540: gcc -c -g -O2  conftest.c >&5
configure:5543: /usr/bin/nm -B "conftest.o"
configure:5546: output
0000000000000000 B some_variable
configure:5547: result: BSD nm
configure:5550: checking whether ln -s works
configure:5554: result: yes
configure:5562: checking the maximum length of command line arguments
configure:5693: result: 1572864
configure:5741: checking how to convert aarch64-unknown-linux-gnu file names to aarch64-unknown-linux-gnu format
configure:5781: result: func_convert_file_noop
configure:5788: checking how to convert aarch64-unknown-linux-gnu file names to toolchain format
configure:5808: result: func_convert_file_noop
configure:5815: checking for /usr/bin/ld option to reload object files
configure:5822: result: -r
configure:5896: checking for objdump
configure:5912: found /usr/bin/objdump
configure:5923: result: objdump
configure:5955: checking how to recognize dependent libraries
configure:6155: result: pass_all
configure:6240: checking for dlltool
configure:6270: result: no
configure:6300: checking how to associate runtime and link libraries
configure:6327: result: printf %s\n
configure:6451: checking for archiver @FILE support
configure:6468: gcc -c -g -O2  conftest.c >&5
configure:6468: $? = 0
configure:6471: ar cr libconftest.a @conftest.lst >&5
configure:6474: $? = 0
configure:6479: ar cr libconftest.a @conftest.lst >&5
ar: conftest.o: No such file or directory
configure:6482: $? = 1
configure:6481: result: @
configure:6539: checking for strip
configure:6555: found /usr/bin/strip
configure:6566: result: strip
configure:6638: checking for ranlib
configure:6654: found /usr/bin/ranlib
configure:6665: result: ranlib
configure:6767: checking command to parse /usr/bin/nm -B output from gcc object
configure:6920: gcc -c -g -O2  conftest.c >&5
configure:6923: $? = 0
configure:6927: /usr/bin/nm -B conftest.o | sed -n -e 's/^.*[	 ]\([ABCDGIRSTW][ABCDGIRSTW]*\)[	 ][	 ]*\([_A-Za-z][_A-Za-z0-9]*\)$/\1 \2 \2/p' | sed '/ __gnu_lto/d' > conftest.nm
configure:6993: gcc -o conftest -g -O2   conftest.c conftstm.o >&5
configure:6996: $? = 0
configure:7034: result: ok
configure:7081: checking for sysroot
configure:7111: result: no
configure:7118: checking for a working dd
configure:7156: result: /usr/bin/dd
configure:7160: checking how to truncate binary pipes
configure:7175: result: /usr/bin/dd bs=4096 count=1
configure:7504: checking for mt
configure:7520: found /usr/bin/mt
configure:7531: result: mt
configure:7554: checking if mt is a manifest tool
configure:7560: mt '-?'
configure:7568: result: no
configure:8245: checking how to run the C preprocessor
configure:8276: gcc -E  conftest.c
configure:8276: $? = 0
configure:8290: gcc -E  conftest.c
conftest.c:11:10: fatal error: ac_nonexistent.h: No such file or directory
   11 | #include <ac_nonexistent.h>
      |          ^~~~~~~~~~~~~~~~~~
compilation terminated.
configure:8290: $? = 1
configure: failed program was:
| /* confdefs.h */
| #define PACKAGE_NAME "ta-lib"
| #define PACKAGE_TARNAME "ta-lib"
| #define PACKAGE_VERSION "git"
| #define PACKAGE_STRING "ta-lib git"
| #define PACKAGE_BUGREPORT "https://github.com/TA-Lib/ta-lib"
| #define PACKAGE_URL ""
| #define PACKAGE "ta-lib"
| #define VERSION "git"
| /* end confdefs.h.  */
| #include <ac_nonexistent.h>
configure:8315: result: gcc -E
configure:8335: gcc -E  conftest.c
configure:8335: $? = 0
configure:8349: gcc -E  conftest.c
conftest.c:11:10: fatal error: ac_nonexistent.h: No such file or directory
   11 | #include <ac_nonexistent.h>
      |          ^~~~~~~~~~~~~~~~~~
compilation terminated.
configure:8349: $? = 1
configure: failed program was:
| /* confdefs.h */
| #define PACKAGE_NAME "ta-lib"
| #define PACKAGE_TARNAME "ta-lib"
| #define PACKAGE_VERSION "git"
| #define PACKAGE_STRING "ta-lib git"
| #define PACKAGE_BUGREPORT "https://github.com/TA-Lib/ta-lib"
| #define PACKAGE_URL ""
| #define PACKAGE "ta-lib"
| #define VERSION "git"
| /* end confdefs.h.  */
| #include <ac_nonexistent.h>
configure:8378: checking for ANSI C header files
configure:8398: gcc -c -g -O2  conftest.c >&5
configure:8398: $? = 0
configure:8471: gcc -o conftest -g -O2   conftest.c  >&5
configure:8471: $? = 0
configure:8471: ./conftest
configure:8471: $? = 0
configure:8482: result: yes
configure:8495: checking for sys/types.h
configure:8495: gcc -c -g -O2  conftest.c >&5
configure:8495: $? = 0
configure:8495: result: yes
configure:8495: checking for sys/stat.h
configure:8495: gcc -c -g -O2  conftest.c >&5
configure:8495: $? = 0
configure:8495: result: yes
configure:8495: checking for stdlib.h
configure:8495: gcc -c -g -O2  conftest.c >&5
configure:8495: $? = 0
configure:8495: result: yes
configure:8495: checking for string.h
configure:8495: gcc -c -g -O2  conftest.c >&5
configure:8495: $? = 0
configure:8495: result: yes
configure:8495: checking for memory.h
configure:8495: gcc -c -g -O2  conftest.c >&5
configure:8495: $? = 0
configure:8495: result: yes
configure:8495: checking for strings.h
configure:8495: gcc -c -g -O2  conftest.c >&5
configure:8495: $? = 0
configure:8495: result: yes
configure:8495: checking for inttypes.h
configure:8495: gcc -c -g -O2  conftest.c >&5
configure:8495: $? = 0
configure:8495: result: yes
configure:8495: checking for stdint.h
configure:8495: gcc -c -g -O2  conftest.c >&5
configure:8495: $? = 0
configure:8495: result: yes
configure:8495: checking for unistd.h
configure:8495: gcc -c -g -O2  conftest.c >&5
configure:8495: $? = 0
configure:8495: result: yes
configure:8509: checking for dlfcn.h
configure:8509: gcc -c -g -O2  conftest.c >&5
configure:8509: $? = 0
configure:8509: result: yes
configure:8765: checking for objdir
configure:8780: result: .libs
configure:9040: checking if gcc supports -fno-rtti -fno-exceptions
configure:9058: gcc -c -g -O2  -fno-rtti -fno-exceptions conftest.c >&5
cc1: warning: command line option '-fno-rtti' is valid for C++/D/ObjC++ but not for C
configure:9062: $? = 0
configure:9075: result: no
configure:9439: checking for gcc option to produce PIC
configure:9446: result: -fPIC -DPIC
configure:9454: checking if gcc PIC flag -fPIC -DPIC works
configure:9472: gcc -c -g -O2  -fPIC -DPIC -DPIC conftest.c >&5
configure:9476: $? = 0
configure:9489: result: yes
configure:9518: checking if gcc static flag -static works
configure:9546: result: yes
configure:9561: checking if gcc supports -c -o file.o
configure:9582: gcc -c -g -O2  -o out/conftest2.o conftest.c >&5
configure:9586: $? = 0
configure:9608: result: yes
configure:9616: checking if gcc supports -c -o file.o
configure:9663: result: yes
configure:9696: checking whether the gcc linker (/usr/bin/ld) supports shared libraries
configure:10959: result: yes
configure:10996: checking whether -lc should be explicitly linked in
configure:11004: gcc -c -g -O2  conftest.c >&5
configure:11007: $? = 0
configure:11022: gcc -shared  -fPIC -DPIC conftest.o  -v -Wl,-soname -Wl,conftest -o conftest 2\>\&1 \| /usr/bin/grep  -lc  \>/dev/null 2\>\&1
configure:11025: $? = 0
configure:11039: result: no
configure:11199: checking dynamic linker characteristics
configure:11780: gcc -o conftest -g -O2   -Wl,-rpath -Wl,/foo conftest.c  >&5
configure:11780: $? = 0
configure:12029: result: GNU/Linux ld.so
configure:12151: checking how to hardcode library paths into programs
configure:12176: result: immediate
configure:12724: checking whether stripping libraries is possible
configure:12729: result: yes
configure:12764: checking if libtool supports shared libraries
configure:12766: result: yes
configure:12769: checking whether to build shared libraries
configure:12794: result: yes
configure:12797: checking whether to build static libraries
configure:12801: result: yes
configure:9616: checking for ANSI C header files
configure:9720: result: yes
configure:9731: checking float.h usability
configure:9731: gcc -c -g -O2  conftest.c >&5
configure:9731: $? = 0
configure:9731: result: yes
configure:9731: checking float.h presence
configure:9731: gcc -E  conftest.c
configure:9731: $? = 0
configure:9731: result: yes
configure:9731: checking for float.h
configure:9731: result: yes
configure:9731: checking for inttypes.h
configure:9731: result: yes
configure:9731: checking limits.h usability
configure:9731: gcc -c -g -O2  conftest.c >&5
configure:9731: $? = 0
configure:9731: result: yes
configure:9731: checking limits.h presence
configure:9731: gcc -E  conftest.c
configure:9731: $? = 0
configure:9731: result: yes
configure:9731: checking for limits.h
configure:9731: result: yes
configure:9731: checking locale.h usability
configure:9731: gcc -c -g -O2  conftest.c >&5
configure:9731: $? = 0
configure:9731: result: yes
configure:9731: checking locale.h presence
configure:9731: gcc -E  conftest.c
configure:9731: $? = 0
configure:9731: result: yes
configure:9731: checking for locale.h
configure:9731: result: yes
configure:9731: checking stddef.h usability
configure:9731: gcc -c -g -O2  conftest.c >&5
configure:9731: $? = 0
configure:9731: result: yes
configure:9731: checking stddef.h presence
configure:9731: gcc -E  conftest.c
configure:9731: $? = 0
configure:9731: result: yes
configure:9731: checking for stddef.h
configure:9731: result: yes
configure:9731: checking for stdint.h
configure:9731: result: yes
configure:9731: checking for stdlib.h
configure:9731: result: yes
configure:9731: checking for string.h
configure:9731: result: yes
configure:9731: checking for unistd.h
configure:9731: result: yes
configure:9731: checking wchar.h usability
configure:9731: gcc -c -g -O2  conftest.c >&5
configure:9731: $? = 0
configure:9731: result: yes
configure:9731: checking wchar.h presence
configure:9731: gcc -E  conftest.c
configure:9731: $? = 0
configure:9731: result: yes
configure:9731: checking for wchar.h
configure:9731: result: yes
configure:9731: checking wctype.h usability
configure:9731: gcc -c -g -O2  conftest.c >&5
configure:9731: $? = 0
configure:9731: result: yes
configure:9731: checking wctype.h presence
configure:9731: gcc -E  conftest.c
configure:9731: $? = 0
configure:9731: result: yes
configure:9731: checking for wctype.h
configure:9731: result: yes
configure:9743: checking for an ANSI C-conforming const
configure:9809: gcc -c -g -O2  conftest.c >&5
configure:9809: $? = 0
configure:9816: result: yes
configure:9824: checking for size_t
configure:9824: gcc -c -g -O2  conftest.c >&5
configure:9824: $? = 0
configure:9824: gcc -c -g -O2  conftest.c >&5
conftest.c: In function 'main':
conftest.c:71:21: error: expected expression before ')' token
   71 | if (sizeof ((size_t)))
      |                     ^
configure:9824: $? = 1
configure: failed program was:
| /* confdefs.h */
| #define PACKAGE_NAME "ta-lib"
| #define PACKAGE_TARNAME "ta-lib"
| #define PACKAGE_VERSION "git"
| #define PACKAGE_STRING "ta-lib git"
| #define PACKAGE_BUGREPORT "https://github.com/TA-Lib/ta-lib"
| #define PACKAGE_URL ""
| #define PACKAGE "ta-lib"
| #define VERSION "git"
| #define STDC_HEADERS 1
| #define HAVE_SYS_TYPES_H 1
| #define HAVE_SYS_STAT_H 1
| #define HAVE_STDLIB_H 1
| #define HAVE_STRING_H 1
| #define HAVE_MEMORY_H 1
| #define HAVE_STRINGS_H 1
| #define HAVE_INTTYPES_H 1
| #define HAVE_STDINT_H 1
| #define HAVE_UNISTD_H 1
| #define HAVE_DLFCN_H 1
| #define LT_OBJDIR ".libs/"
| #define STDC_HEADERS 1
| #define HAVE_FLOAT_H 1
| #define HAVE_INTTYPES_H 1
| #define HAVE_LIMITS_H 1
| #define HAVE_LOCALE_H 1
| #define HAVE_STDDEF_H 1
| #define HAVE_STDINT_H 1
| #define HAVE_STDLIB_H 1
| #define HAVE_STRING_H 1
| #define HAVE_UNISTD_H 1
| #define HAVE_WCHAR_H 1
| #define HAVE_WCTYPE_H 1
| /* end confdefs.h.  */
| #include <stdio.h>
| #ifdef HAVE_SYS_TYPES_H
| # include <sys/types.h>
| #endif
| #ifdef HAVE_SYS_STAT_H
| # include <sys/stat.h>
| #endif
| #ifdef STDC_HEADERS
| # include <stdlib.h>
| # include <stddef.h>
| #else
| # ifdef HAVE_STDLIB_H
| #  include <stdlib.h>
| # endif
| #endif
| #ifdef HAVE_STRING_H
| # if !defined STDC_HEADERS && defined HAVE_MEMORY_H
| #  include <memory.h>
| # endif
| # include <string.h>
| #endif
| #ifdef HAVE_STRINGS_H
| # include <strings.h>
| #endif
| #ifdef HAVE_INTTYPES_H
| # include <inttypes.h>
| #endif
| #ifdef HAVE_STDINT_H
| # include <stdint.h>
| #endif
| #ifdef HAVE_UNISTD_H
| # include <unistd.h>
| #endif
| int
| main ()
| {
| if (sizeof ((size_t)))
| 	    return 0;
|   ;
|   return 0;
| }
configure:9824: result: yes
configure:9835: checking whether struct tm is in sys/time.h or time.h
configure:9855: gcc -c -g -O2  conftest.c >&5
configure:9855: $? = 0
configure:9862: result: time.h
configure:9870: checking for working volatile
configure:9889: gcc -c -g -O2  conftest.c >&5
configure:9889: $? = 0
configure:9896: result: yes
configure:9904: checking for ptrdiff_t
configure:9904: gcc -c -g -O2  conftest.c >&5
configure:9904: $? = 0
configure:9904: gcc -c -g -O2  conftest.c >&5
conftest.c: In function 'main':
conftest.c:71:24: error: expected expression before ')' token
   71 | if (sizeof ((ptrdiff_t)))
      |                        ^
configure:9904: $? = 1
configure: failed program was:
| /* confdefs.h */
| #define PACKAGE_NAME "ta-lib"
| #define PACKAGE_TARNAME "ta-lib"
| #define PACKAGE_VERSION "git"
| #define PACKAGE_STRING "ta-lib git"
| #define PACKAGE_BUGREPORT "https://github.com/TA-Lib/ta-lib"
| #define PACKAGE_URL ""
| #define PACKAGE "ta-lib"
| #define VERSION "git"
| #define STDC_HEADERS 1
| #define HAVE_SYS_TYPES_H 1
| #define HAVE_SYS_STAT_H 1
| #define HAVE_STDLIB_H 1
| #define HAVE_STRING_H 1
| #define HAVE_MEMORY_H 1
| #define HAVE_STRINGS_H 1
| #define HAVE_INTTYPES_H 1
| #define HAVE_STDINT_H 1
| #define HAVE_UNISTD_H 1
| #define HAVE_DLFCN_H 1
| #define LT_OBJDIR ".libs/"
| #define STDC_HEADERS 1
| #define HAVE_FLOAT_H 1
| #define HAVE_INTTYPES_H 1
| #define HAVE_LIMITS_H 1
| #define HAVE_LOCALE_H 1
| #define HAVE_STDDEF_H 1
| #define HAVE_STDINT_H 1
| #define HAVE_STDLIB_H 1
| #define HAVE_STRING_H 1
| #define HAVE_UNISTD_H 1
| #define HAVE_WCHAR_H 1
| #define HAVE_WCTYPE_H 1
| /* end confdefs.h.  */
| #include <stdio.h>
| #ifdef HAVE_SYS_TYPES_H
| # include <sys/types.h>
| #endif
| #ifdef HAVE_SYS_STAT_H
| # include <sys/stat.h>
| #endif
| #ifdef STDC_HEADERS
| # include <stdlib.h>
| # include <stddef.h>
| #else
| # ifdef HAVE_STDLIB_H
| #  include <stdlib.h>
| # endif
| #endif
| #ifdef HAVE_STRING_H
| # if !defined STDC_HEADERS && defined HAVE_MEMORY_H
| #  include <memory.h>
| # endif
| # include <string.h>
| #endif
| #ifdef HAVE_STRINGS_H
| # include <strings.h>
| #endif
| #ifdef HAVE_INTTYPES_H
| # include <inttypes.h>
| #endif
| #ifdef HAVE_STDINT_H
| # include <stdint.h>
| #endif
| #ifdef HAVE_UNISTD_H
| # include <unistd.h>
| #endif
| int
| main ()
| {
| if (sizeof ((ptrdiff_t)))
| 	    return 0;
|   ;
|   return 0;
| }
configure:9904: result: yes
configure:9916: checking return type of signal handlers
configure:9934: gcc -c -g -O2  conftest.c >&5
conftest.c: In function 'main':
conftest.c:42:10: error: void value not ignored as it ought to be
   42 | return *(signal (0, 0)) (0) == 1;
      |         ~^~~~~~~~~~~~~~~~~~
configure:9934: $? = 1
configure: failed program was:
| /* confdefs.h */
| #define PACKAGE_NAME "ta-lib"
| #define PACKAGE_TARNAME "ta-lib"
| #define PACKAGE_VERSION "git"
| #define PACKAGE_STRING "ta-lib git"
| #define PACKAGE_BUGREPORT "https://github.com/TA-Lib/ta-lib"
| #define PACKAGE_URL ""
| #define PACKAGE "ta-lib"
| #define VERSION "git"
| #define STDC_HEADERS 1
| #define HAVE_SYS_TYPES_H 1
| #define HAVE_SYS_STAT_H 1
| #define HAVE_STDLIB_H 1
| #define HAVE_STRING_H 1
| #define HAVE_MEMORY_H 1
| #define HAVE_STRINGS_H 1
| #define HAVE_INTTYPES_H 1
| #define HAVE_STDINT_H 1
| #define HAVE_UNISTD_H 1
| #define HAVE_DLFCN_H 1
| #define LT_OBJDIR ".libs/"
| #define STDC_HEADERS 1
| #define HAVE_FLOAT_H 1
| #define HAVE_INTTYPES_H 1
| #define HAVE_LIMITS_H 1
| #define HAVE_LOCALE_H 1
| #define HAVE_STDDEF_H 1
| #define HAVE_STDINT_H 1
| #define HAVE_STDLIB_H 1
| #define HAVE_STRING_H 1
| #define HAVE_UNISTD_H 1
| #define HAVE_WCHAR_H 1
| #define HAVE_WCTYPE_H 1
| #define HAVE_PTRDIFF_T 1
| /* end confdefs.h.  */
| #include <sys/types.h>
| #include <signal.h>
| 
| int
| main ()
| {
| return *(signal (0, 0)) (0) == 1;
|   ;
|   return 0;
| }
configure:9941: result: void
configure:9949: checking for working strcoll
configure:9970: gcc -o conftest -g -O2   conftest.c  >&5
configure:9970: $? = 0
configure:9970: ./conftest
configure:9970: $? = 0
configure:9980: result: yes
configure:9990: checking for strftime
configure:9990: gcc -o conftest -g -O2   conftest.c  >&5
conftest.c:61:6: warning: conflicting types for built-in function 'strftime'; expected 'long unsigned int(char *, long unsigned int,  const char *, const void *)' [-Wbuiltin-declaration-mismatch]
   61 | char strftime ();
      |      ^~~~~~~~
conftest.c:49:1: note: 'strftime' is declared in header '<time.h>'
   48 | # include <limits.h>
   49 | #else
configure:9990: $? = 0
configure:9990: result: yes
configure:10043: checking for working strtod
configure:10084: gcc -o conftest -g -O2   conftest.c  >&5
configure:10084: $? = 0
configure:10084: ./conftest
configure:10084: $? = 0
configure:10094: result: yes
configure:10158: checking for vprintf
configure:10158: gcc -o conftest -g -O2   conftest.c  >&5
conftest.c:62:6: warning: conflicting types for built-in function 'vprintf'; expected 'int(const char *, __va_list)' [-Wbuiltin-declaration-mismatch]
   62 | char vprintf ();
      |      ^~~~~~~
conftest.c:50:1: note: 'vprintf' is declared in header '<stdio.h>'
   49 | # include <limits.h>
   50 | #else
configure:10158: $? = 0
configure:10158: result: yes
configure:10164: checking for _doprnt
configure:10164: gcc -o conftest -g -O2   conftest.c  >&5
/usr/bin/ld: /tmp/ccgBwTSj.o: in function `main':
/data/ta_lib/ta-lib-binary/conftest.c:74: undefined reference to `_doprnt'
collect2: error: ld returned 1 exit status
configure:10164: $? = 1
configure: failed program was:
| /* confdefs.h */
| #define PACKAGE_NAME "ta-lib"
| #define PACKAGE_TARNAME "ta-lib"
| #define PACKAGE_VERSION "git"
| #define PACKAGE_STRING "ta-lib git"
| #define PACKAGE_BUGREPORT "https://github.com/TA-Lib/ta-lib"
| #define PACKAGE_URL ""
| #define PACKAGE "ta-lib"
| #define VERSION "git"
| #define STDC_HEADERS 1
| #define HAVE_SYS_TYPES_H 1
| #define HAVE_SYS_STAT_H 1
| #define HAVE_STDLIB_H 1
| #define HAVE_STRING_H 1
| #define HAVE_MEMORY_H 1
| #define HAVE_STRINGS_H 1
| #define HAVE_INTTYPES_H 1
| #define HAVE_STDINT_H 1
| #define HAVE_UNISTD_H 1
| #define HAVE_DLFCN_H 1
| #define LT_OBJDIR ".libs/"
| #define STDC_HEADERS 1
| #define HAVE_FLOAT_H 1
| #define HAVE_INTTYPES_H 1
| #define HAVE_LIMITS_H 1
| #define HAVE_LOCALE_H 1
| #define HAVE_STDDEF_H 1
| #define HAVE_STDINT_H 1
| #define HAVE_STDLIB_H 1
| #define HAVE_STRING_H 1
| #define HAVE_UNISTD_H 1
| #define HAVE_WCHAR_H 1
| #define HAVE_WCTYPE_H 1
| #define HAVE_PTRDIFF_T 1
| #define RETSIGTYPE void
| #define HAVE_STRCOLL 1
| #define HAVE_STRFTIME 1
| #define HAVE_VPRINTF 1
| /* end confdefs.h.  */
| /* Define _doprnt to an innocuous variant, in case <limits.h> declares _doprnt.
|    For example, HP-UX 11i <limits.h> declares gettimeofday.  */
| #define _doprnt innocuous__doprnt
| 
| /* System header to define __stub macros and hopefully few prototypes,
|     which can conflict with char _doprnt (); below.
|     Prefer <limits.h> to <assert.h> if __STDC__ is defined, since
|     <limits.h> exists even on freestanding compilers.  */
| 
| #ifdef __STDC__
| # include <limits.h>
| #else
| # include <assert.h>
| #endif
| 
| #undef _doprnt
| 
| /* Override any GCC internal prototype to avoid an error.
|    Use char because int might match the return type of a GCC
|    builtin and then its argument prototype would still apply.  */
| #ifdef __cplusplus
| extern "C"
| #endif
| char _doprnt ();
| /* The GNU C library defines this for functions which it implements
|     to always fail with ENOSYS.  Some functions are actually named
|     something starting with __ and the normal name is an alias.  */
| #if defined __stub__doprnt || defined __stub____doprnt
| choke me
| #endif
| 
| int
| main ()
| {
| return _doprnt ();
|   ;
|   return 0;
| }
configure:10164: result: no
configure:10178: checking for floor
configure:10178: gcc -o conftest -g -O2   conftest.c  >&5
conftest.c:63:6: warning: conflicting types for built-in function 'floor'; expected 'double(double)' [-Wbuiltin-declaration-mismatch]
   63 | char floor ();
      |      ^~~~~
conftest.c:51:1: note: 'floor' is declared in header '<math.h>'
   50 | # include <limits.h>
   51 | #else
/usr/bin/ld: /tmp/ccML6pyH.o: in function `main':
/data/ta_lib/ta-lib-binary/conftest.c:74: undefined reference to `floor'
collect2: error: ld returned 1 exit status
configure:10178: $? = 1
configure: failed program was:
| /* confdefs.h */
| #define PACKAGE_NAME "ta-lib"
| #define PACKAGE_TARNAME "ta-lib"
| #define PACKAGE_VERSION "git"
| #define PACKAGE_STRING "ta-lib git"
| #define PACKAGE_BUGREPORT "https://github.com/TA-Lib/ta-lib"
| #define PACKAGE_URL ""
| #define PACKAGE "ta-lib"
| #define VERSION "git"
| #define STDC_HEADERS 1
| #define HAVE_SYS_TYPES_H 1
| #define HAVE_SYS_STAT_H 1
| #define HAVE_STDLIB_H 1
| #define HAVE_STRING_H 1
| #define HAVE_MEMORY_H 1
| #define HAVE_STRINGS_H 1
| #define HAVE_INTTYPES_H 1
| #define HAVE_STDINT_H 1
| #define HAVE_UNISTD_H 1
| #define HAVE_DLFCN_H 1
| #define LT_OBJDIR ".libs/"
| #define STDC_HEADERS 1
| #define HAVE_FLOAT_H 1
| #define HAVE_INTTYPES_H 1
| #define HAVE_LIMITS_H 1
| #define HAVE_LOCALE_H 1
| #define HAVE_STDDEF_H 1
| #define HAVE_STDINT_H 1
| #define HAVE_STDLIB_H 1
| #define HAVE_STRING_H 1
| #define HAVE_UNISTD_H 1
| #define HAVE_WCHAR_H 1
| #define HAVE_WCTYPE_H 1
| #define HAVE_PTRDIFF_T 1
| #define RETSIGTYPE void
| #define HAVE_STRCOLL 1
| #define HAVE_STRFTIME 1
| #define HAVE_VPRINTF 1
| /* end confdefs.h.  */
| /* Define floor to an innocuous variant, in case <limits.h> declares floor.
|    For example, HP-UX 11i <limits.h> declares gettimeofday.  */
| #define floor innocuous_floor
| 
| /* System header to define __stub macros and hopefully few prototypes,
|     which can conflict with char floor (); below.
|     Prefer <limits.h> to <assert.h> if __STDC__ is defined, since
|     <limits.h> exists even on freestanding compilers.  */
| 
| #ifdef __STDC__
| # include <limits.h>
| #else
| # include <assert.h>
| #endif
| 
| #undef floor
| 
| /* Override any GCC internal prototype to avoid an error.
|    Use char because int might match the return type of a GCC
|    builtin and then its argument prototype would still apply.  */
| #ifdef __cplusplus
| extern "C"
| #endif
| char floor ();
| /* The GNU C library defines this for functions which it implements
|     to always fail with ENOSYS.  Some functions are actually named
|     something starting with __ and the normal name is an alias.  */
| #if defined __stub_floor || defined __stub___floor
| choke me
| #endif
| 
| int
| main ()
| {
| return floor ();
|   ;
|   return 0;
| }
configure:10178: result: no
configure:10178: checking for isascii
configure:10178: gcc -o conftest -g -O2   conftest.c  >&5
conftest.c:63:6: warning: conflicting types for built-in function 'isascii'; expected 'int(int)' [-Wbuiltin-declaration-mismatch]
   63 | char isascii ();
      |      ^~~~~~~
configure:10178: $? = 0
configure:10178: result: yes
configure:10178: checking for localeconv
configure:10178: gcc -o conftest -g -O2   conftest.c  >&5
configure:10178: $? = 0
configure:10178: result: yes
configure:10178: checking for mblen
configure:10178: gcc -o conftest -g -O2   conftest.c  >&5
configure:10178: $? = 0
configure:10178: result: yes
configure:10178: checking for memmove
configure:10178: gcc -o conftest -g -O2   conftest.c  >&5
conftest.c:66:6: warning: conflicting types for built-in function 'memmove'; expected 'void *(void *, const void *, long unsigned int)' [-Wbuiltin-declaration-mismatch]
   66 | char memmove ();
      |      ^~~~~~~
conftest.c:54:1: note: 'memmove' is declared in header '<string.h>'
   53 | # include <limits.h>
   54 | #else
configure:10178: $? = 0
configure:10178: result: yes
configure:10178: checking for memset
configure:10178: gcc -o conftest -g -O2   conftest.c  >&5
conftest.c:67:6: warning: conflicting types for built-in function 'memset'; expected 'void *(void *, int,  long unsigned int)' [-Wbuiltin-declaration-mismatch]
   67 | char memset ();
      |      ^~~~~~
conftest.c:55:1: note: 'memset' is declared in header '<string.h>'
   54 | # include <limits.h>
   55 | #else
configure:10178: $? = 0
configure:10178: result: yes
configure:10178: checking for modf
configure:10178: gcc -o conftest -g -O2   conftest.c  >&5
conftest.c:68:6: warning: conflicting types for built-in function 'modf'; expected 'double(double,  double *)' [-Wbuiltin-declaration-mismatch]
   68 | char modf ();
      |      ^~~~
conftest.c:56:1: note: 'modf' is declared in header '<math.h>'
   55 | # include <limits.h>
   56 | #else
configure:10178: $? = 0
configure:10178: result: yes
configure:10178: checking for pow
configure:10178: gcc -o conftest -g -O2   conftest.c  >&5
conftest.c:69:6: warning: conflicting types for built-in function 'pow'; expected 'double(double,  double)' [-Wbuiltin-declaration-mismatch]
   69 | char pow ();
      |      ^~~
conftest.c:57:1: note: 'pow' is declared in header '<math.h>'
   56 | # include <limits.h>
   57 | #else
/usr/bin/ld: /tmp/ccBvliGC.o: in function `main':
/data/ta_lib/ta-lib-binary/conftest.c:80: undefined reference to `pow'
collect2: error: ld returned 1 exit status
configure:10178: $? = 1
configure: failed program was:
| /* confdefs.h */
| #define PACKAGE_NAME "ta-lib"
| #define PACKAGE_TARNAME "ta-lib"
| #define PACKAGE_VERSION "git"
| #define PACKAGE_STRING "ta-lib git"
| #define PACKAGE_BUGREPORT "https://github.com/TA-Lib/ta-lib"
| #define PACKAGE_URL ""
| #define PACKAGE "ta-lib"
| #define VERSION "git"
| #define STDC_HEADERS 1
| #define HAVE_SYS_TYPES_H 1
| #define HAVE_SYS_STAT_H 1
| #define HAVE_STDLIB_H 1
| #define HAVE_STRING_H 1
| #define HAVE_MEMORY_H 1
| #define HAVE_STRINGS_H 1
| #define HAVE_INTTYPES_H 1
| #define HAVE_STDINT_H 1
| #define HAVE_UNISTD_H 1
| #define HAVE_DLFCN_H 1
| #define LT_OBJDIR ".libs/"
| #define STDC_HEADERS 1
| #define HAVE_FLOAT_H 1
| #define HAVE_INTTYPES_H 1
| #define HAVE_LIMITS_H 1
| #define HAVE_LOCALE_H 1
| #define HAVE_STDDEF_H 1
| #define HAVE_STDINT_H 1
| #define HAVE_STDLIB_H 1
| #define HAVE_STRING_H 1
| #define HAVE_UNISTD_H 1
| #define HAVE_WCHAR_H 1
| #define HAVE_WCTYPE_H 1
| #define HAVE_PTRDIFF_T 1
| #define RETSIGTYPE void
| #define HAVE_STRCOLL 1
| #define HAVE_STRFTIME 1
| #define HAVE_VPRINTF 1
| #define HAVE_ISASCII 1
| #define HAVE_LOCALECONV 1
| #define HAVE_MBLEN 1
| #define HAVE_MEMMOVE 1
| #define HAVE_MEMSET 1
| #define HAVE_MODF 1
| /* end confdefs.h.  */
| /* Define pow to an innocuous variant, in case <limits.h> declares pow.
|    For example, HP-UX 11i <limits.h> declares gettimeofday.  */
| #define pow innocuous_pow
| 
| /* System header to define __stub macros and hopefully few prototypes,
|     which can conflict with char pow (); below.
|     Prefer <limits.h> to <assert.h> if __STDC__ is defined, since
|     <limits.h> exists even on freestanding compilers.  */
| 
| #ifdef __STDC__
| # include <limits.h>
| #else
| # include <assert.h>
| #endif
| 
| #undef pow
| 
| /* Override any GCC internal prototype to avoid an error.
|    Use char because int might match the return type of a GCC
|    builtin and then its argument prototype would still apply.  */
| #ifdef __cplusplus
| extern "C"
| #endif
| char pow ();
| /* The GNU C library defines this for functions which it implements
|     to always fail with ENOSYS.  Some functions are actually named
|     something starting with __ and the normal name is an alias.  */
| #if defined __stub_pow || defined __stub___pow
| choke me
| #endif
| 
| int
| main ()
| {
| return pow ();
|   ;
|   return 0;
| }
configure:10178: result: no
configure:10178: checking for sqrt
configure:10178: gcc -o conftest -g -O2   conftest.c  >&5
conftest.c:69:6: warning: conflicting types for built-in function 'sqrt'; expected 'double(double)' [-Wbuiltin-declaration-mismatch]
   69 | char sqrt ();
      |      ^~~~
conftest.c:57:1: note: 'sqrt' is declared in header '<math.h>'
   56 | # include <limits.h>
   57 | #else
/usr/bin/ld: /tmp/ccSfltmY.o: in function `main':
/data/ta_lib/ta-lib-binary/conftest.c:80: undefined reference to `sqrt'
collect2: error: ld returned 1 exit status
configure:10178: $? = 1
configure: failed program was:
| /* confdefs.h */
| #define PACKAGE_NAME "ta-lib"
| #define PACKAGE_TARNAME "ta-lib"
| #define PACKAGE_VERSION "git"
| #define PACKAGE_STRING "ta-lib git"
| #define PACKAGE_BUGREPORT "https://github.com/TA-Lib/ta-lib"
| #define PACKAGE_URL ""
| #define PACKAGE "ta-lib"
| #define VERSION "git"
| #define STDC_HEADERS 1
| #define HAVE_SYS_TYPES_H 1
| #define HAVE_SYS_STAT_H 1
| #define HAVE_STDLIB_H 1
| #define HAVE_STRING_H 1
| #define HAVE_MEMORY_H 1
| #define HAVE_STRINGS_H 1
| #define HAVE_INTTYPES_H 1
| #define HAVE_STDINT_H 1
| #define HAVE_UNISTD_H 1
| #define HAVE_DLFCN_H 1
| #define LT_OBJDIR ".libs/"
| #define STDC_HEADERS 1
| #define HAVE_FLOAT_H 1
| #define HAVE_INTTYPES_H 1
| #define HAVE_LIMITS_H 1
| #define HAVE_LOCALE_H 1
| #define HAVE_STDDEF_H 1
| #define HAVE_STDINT_H 1
| #define HAVE_STDLIB_H 1
| #define HAVE_STRING_H 1
| #define HAVE_UNISTD_H 1
| #define HAVE_WCHAR_H 1
| #define HAVE_WCTYPE_H 1
| #define HAVE_PTRDIFF_T 1
| #define RETSIGTYPE void
| #define HAVE_STRCOLL 1
| #define HAVE_STRFTIME 1
| #define HAVE_VPRINTF 1
| #define HAVE_ISASCII 1
| #define HAVE_LOCALECONV 1
| #define HAVE_MBLEN 1
| #define HAVE_MEMMOVE 1
| #define HAVE_MEMSET 1
| #define HAVE_MODF 1
| /* end confdefs.h.  */
| /* Define sqrt to an innocuous variant, in case <limits.h> declares sqrt.
|    For example, HP-UX 11i <limits.h> declares gettimeofday.  */
| #define sqrt innocuous_sqrt
| 
| /* System header to define __stub macros and hopefully few prototypes,
|     which can conflict with char sqrt (); below.
|     Prefer <limits.h> to <assert.h> if __STDC__ is defined, since
|     <limits.h> exists even on freestanding compilers.  */
| 
| #ifdef __STDC__
| # include <limits.h>
| #else
| # include <assert.h>
| #endif
| 
| #undef sqrt
| 
| /* Override any GCC internal prototype to avoid an error.
|    Use char because int might match the return type of a GCC
|    builtin and then its argument prototype would still apply.  */
| #ifdef __cplusplus
| extern "C"
| #endif
| char sqrt ();
| /* The GNU C library defines this for functions which it implements
|     to always fail with ENOSYS.  Some functions are actually named
|     something starting with __ and the normal name is an alias.  */
| #if defined __stub_sqrt || defined __stub___sqrt
| choke me
| #endif
| 
| int
| main ()
| {
| return sqrt ();
|   ;
|   return 0;
| }
configure:10178: result: no
configure:10178: checking for strcasecmp
configure:10178: gcc -o conftest -g -O2   conftest.c  >&5
conftest.c:69:6: warning: conflicting types for built-in function 'strcasecmp'; expected 'int(const char *, const char *)' [-Wbuiltin-declaration-mismatch]
   69 | char strcasecmp ();
      |      ^~~~~~~~~~
configure:10178: $? = 0
configure:10178: result: yes
configure:10178: checking for strchr
configure:10178: gcc -o conftest -g -O2   conftest.c  >&5
conftest.c:70:6: warning: conflicting types for built-in function 'strchr'; expected 'char *(const char *, int)' [-Wbuiltin-declaration-mismatch]
   70 | char strchr ();
      |      ^~~~~~
conftest.c:58:1: note: 'strchr' is declared in header '<string.h>'
   57 | # include <limits.h>
   58 | #else
configure:10178: $? = 0
configure:10178: result: yes
configure:10178: checking for strerror
configure:10178: gcc -o conftest -g -O2   conftest.c  >&5
configure:10178: $? = 0
configure:10178: result: yes
configure:10178: checking for strncasecmp
configure:10178: gcc -o conftest -g -O2   conftest.c  >&5
conftest.c:72:6: warning: conflicting types for built-in function 'strncasecmp'; expected 'int(const char *, const char *, long unsigned int)' [-Wbuiltin-declaration-mismatch]
   72 | char strncasecmp ();
      |      ^~~~~~~~~~~
configure:10178: $? = 0
configure:10178: result: yes
configure:10178: checking for strrchr
configure:10178: gcc -o conftest -g -O2   conftest.c  >&5
conftest.c:73:6: warning: conflicting types for built-in function 'strrchr'; expected 'char *(const char *, int)' [-Wbuiltin-declaration-mismatch]
   73 | char strrchr ();
      |      ^~~~~~~
conftest.c:61:1: note: 'strrchr' is declared in header '<string.h>'
   60 | # include <limits.h>
   61 | #else
configure:10178: $? = 0
configure:10178: result: yes
configure:10178: checking for strstr
configure:10178: gcc -o conftest -g -O2   conftest.c  >&5
conftest.c:74:6: warning: conflicting types for built-in function 'strstr'; expected 'char *(const char *, const char *)' [-Wbuiltin-declaration-mismatch]
   74 | char strstr ();
      |      ^~~~~~
conftest.c:62:1: note: 'strstr' is declared in header '<string.h>'
   61 | # include <limits.h>
   62 | #else
configure:10178: $? = 0
configure:10178: result: yes
configure:10178: checking for strtol
configure:10178: gcc -o conftest -g -O2   conftest.c  >&5
configure:10178: $? = 0
configure:10178: result: yes
configure:10178: checking for strtoul
configure:10178: gcc -o conftest -g -O2   conftest.c  >&5
configure:10178: $? = 0
configure:10178: result: yes
configure:10299: checking that generated files are newer than configure
configure:10305: result: done
configure:10332: creating ./config.status

## ---------------------- ##
## Running config.status. ##
## ---------------------- ##

This file was extended by ta-lib config.status git, which was
generated by GNU Autoconf 2.69.  Invocation command line was

  CONFIG_FILES    = 
  CONFIG_HEADERS  = 
  CONFIG_LINKS    = 
  CONFIG_COMMANDS = 
  $ ./config.status 

on xmatt-ch3

config.status:1123: creating Makefile
config.status:1123: creating src/Makefile
config.status:1123: creating src/ta_abstract/Makefile
config.status:1123: creating src/ta_common/Makefile
config.status:1123: creating src/ta_func/Makefile
config.status:1123: creating src/tools/Makefile
config.status:1123: creating src/tools/gen_code/Makefile
config.status:1123: creating src/tools/ta_regtest/Makefile
config.status:1123: creating ta-lib.pc
config.status:1123: creating ta-lib.spec
config.status:1123: creating ta-lib.dpkg
config.status:1123: creating include/ta_config.h
config.status:1352: executing depfiles commands
config.status:1429: cd src/ta_abstract       && sed -e '/# am--include-marker/d' Makefile         | make -f - am--depfiles
config.status:1434: $? = 0
config.status:1429: cd src/ta_common       && sed -e '/# am--include-marker/d' Makefile         | make -f - am--depfiles
config.status:1434: $? = 0
config.status:1429: cd src/ta_func       && sed -e '/# am--include-marker/d' Makefile         | make -f - am--depfiles
config.status:1434: $? = 0
config.status:1429: cd src/tools/gen_code       && sed -e '/# am--include-marker/d' Makefile         | make -f - am--depfiles
config.status:1434: $? = 0
config.status:1429: cd src/tools/ta_regtest       && sed -e '/# am--include-marker/d' Makefile         | make -f - am--depfiles
config.status:1434: $? = 0
config.status:1352: executing libtool commands

## ---------------- ##
## Cache variables. ##
## ---------------- ##

ac_cv_build=aarch64-unknown-linux-gnu
ac_cv_c_compiler_gnu=yes
ac_cv_c_const=yes
ac_cv_c_volatile=yes
ac_cv_env_CC_set=
ac_cv_env_CC_value=
ac_cv_env_CFLAGS_set=
ac_cv_env_CFLAGS_value=
ac_cv_env_CPPFLAGS_set=
ac_cv_env_CPPFLAGS_value=
ac_cv_env_CPP_set=
ac_cv_env_CPP_value=
ac_cv_env_LDFLAGS_set=
ac_cv_env_LDFLAGS_value=
ac_cv_env_LIBS_set=
ac_cv_env_LIBS_value=
ac_cv_env_LT_SYS_LIBRARY_PATH_set=
ac_cv_env_LT_SYS_LIBRARY_PATH_value=
ac_cv_env_build_alias_set=
ac_cv_env_build_alias_value=
ac_cv_env_host_alias_set=
ac_cv_env_host_alias_value=
ac_cv_env_target_alias_set=
ac_cv_env_target_alias_value=
ac_cv_func__doprnt=no
ac_cv_func_floor=no
ac_cv_func_isascii=yes
ac_cv_func_localeconv=yes
ac_cv_func_mblen=yes
ac_cv_func_memmove=yes
ac_cv_func_memset=yes
ac_cv_func_modf=yes
ac_cv_func_pow=no
ac_cv_func_sqrt=no
ac_cv_func_strcasecmp=yes
ac_cv_func_strchr=yes
ac_cv_func_strcoll_works=yes
ac_cv_func_strerror=yes
ac_cv_func_strftime=yes
ac_cv_func_strncasecmp=yes
ac_cv_func_strrchr=yes
ac_cv_func_strstr=yes
ac_cv_func_strtod=yes
ac_cv_func_strtol=yes
ac_cv_func_strtoul=yes
ac_cv_func_vprintf=yes
ac_cv_header_dlfcn_h=yes
ac_cv_header_float_h=yes
ac_cv_header_inttypes_h=yes
ac_cv_header_limits_h=yes
ac_cv_header_locale_h=yes
ac_cv_header_memory_h=yes
ac_cv_header_stdc=yes
ac_cv_header_stddef_h=yes
ac_cv_header_stdint_h=yes
ac_cv_header_stdlib_h=yes
ac_cv_header_string_h=yes
ac_cv_header_strings_h=yes
ac_cv_header_sys_stat_h=yes
ac_cv_header_sys_types_h=yes
ac_cv_header_unistd_h=yes
ac_cv_header_wchar_h=yes
ac_cv_header_wctype_h=yes
ac_cv_host=aarch64-unknown-linux-gnu
ac_cv_objext=o
ac_cv_path_EGREP='/usr/bin/grep -E'
ac_cv_path_FGREP='/usr/bin/grep -F'
ac_cv_path_GREP=/usr/bin/grep
ac_cv_path_SED=/usr/bin/sed
ac_cv_path_install='/usr/bin/install -c'
ac_cv_path_lt_DD=/usr/bin/dd
ac_cv_path_mkdir=/usr/bin/mkdir
ac_cv_prog_AWK=gawk
ac_cv_prog_CPP='gcc -E'
ac_cv_prog_ac_ct_AR=ar
ac_cv_prog_ac_ct_CC=gcc
ac_cv_prog_ac_ct_MANIFEST_TOOL=mt
ac_cv_prog_ac_ct_OBJDUMP=objdump
ac_cv_prog_ac_ct_RANLIB=ranlib
ac_cv_prog_ac_ct_STRIP=strip
ac_cv_prog_cc_c89=
ac_cv_prog_cc_g=yes
ac_cv_prog_make_make_set=yes
ac_cv_struct_tm=time.h
ac_cv_type_ptrdiff_t=yes
ac_cv_type_signal=void
ac_cv_type_size_t=yes
am_cv_CC_dependencies_compiler_type=gcc3
am_cv_ar_interface=ar
am_cv_make_support_nested_variables=yes
am_cv_prog_cc_c_o=yes
lt_cv_ar_at_file=@
lt_cv_archive_cmds_need_lc=no
lt_cv_deplibs_check_method=pass_all
lt_cv_file_magic_cmd='$MAGIC_CMD'
lt_cv_file_magic_test_file=
lt_cv_ld_reload_flag=-r
lt_cv_nm_interface='BSD nm'
lt_cv_objdir=.libs
lt_cv_path_LD=/usr/bin/ld
lt_cv_path_NM='/usr/bin/nm -B'
lt_cv_path_mainfest_tool=no
lt_cv_prog_compiler_c_o=yes
lt_cv_prog_compiler_pic='-fPIC -DPIC'
lt_cv_prog_compiler_pic_works=yes
lt_cv_prog_compiler_rtti_exceptions=no
lt_cv_prog_compiler_static_works=yes
lt_cv_prog_gnu_ld=yes
lt_cv_sharedlib_from_linklib_cmd='printf %s\n'
lt_cv_shlibpath_overrides_runpath=yes
lt_cv_sys_global_symbol_pipe='sed -n -e '\''s/^.*[	 ]\([ABCDGIRSTW][ABCDGIRSTW]*\)[	 ][	 ]*\([_A-Za-z][_A-Za-z0-9]*\)$/\1 \2 \2/p'\'' | sed '\''/ __gnu_lto/d'\'''
lt_cv_sys_global_symbol_to_c_name_address='sed -n -e '\''s/^: \(.*\) .*$/  {"\1", (void *) 0},/p'\'' -e '\''s/^[ABCDGIRSTW][ABCDGIRSTW]* .* \(.*\)$/  {"\1", (void *) \&\1},/p'\'''
lt_cv_sys_global_symbol_to_c_name_address_lib_prefix='sed -n -e '\''s/^: \(.*\) .*$/  {"\1", (void *) 0},/p'\'' -e '\''s/^[ABCDGIRSTW][ABCDGIRSTW]* .* \(lib.*\)$/  {"\1", (void *) \&\1},/p'\'' -e '\''s/^[ABCDGIRSTW][ABCDGIRSTW]* .* \(.*\)$/  {"lib\1", (void *) \&\1},/p'\'''
lt_cv_sys_global_symbol_to_cdecl='sed -n -e '\''s/^T .* \(.*\)$/extern int \1();/p'\'' -e '\''s/^[ABCDGIRSTW][ABCDGIRSTW]* .* \(.*\)$/extern char \1;/p'\'''
lt_cv_sys_global_symbol_to_import=
lt_cv_sys_max_cmd_len=1572864
lt_cv_to_host_file_cmd=func_convert_file_noop
lt_cv_to_tool_file_cmd=func_convert_file_noop
lt_cv_truncate_bin='/usr/bin/dd bs=4096 count=1'

## ----------------- ##
## Output variables. ##
## ----------------- ##

ACLOCAL='${SHELL} /data/ta_lib/ta-lib-binary/missing aclocal-1.16'
AMDEPBACKSLASH='\'
AMDEP_FALSE='#'
AMDEP_TRUE=''
AMTAR='$${TAR-tar}'
AM_BACKSLASH='\'
AM_DEFAULT_V='$(AM_DEFAULT_VERBOSITY)'
AM_DEFAULT_VERBOSITY='1'
AM_V='$(V)'
AR='ar'
AUTOCONF='${SHELL} /data/ta_lib/ta-lib-binary/missing autoconf'
AUTOHEADER='${SHELL} /data/ta_lib/ta-lib-binary/missing autoheader'
AUTOMAKE='${SHELL} /data/ta_lib/ta-lib-binary/missing automake-1.16'
AWK='gawk'
CC='gcc'
CCDEPMODE='depmode=gcc3'
CFLAGS='-g -O2'
CPP='gcc -E'
CPPFLAGS=''
CYGPATH_W='echo'
DEFS='-DHAVE_CONFIG_H'
DEPDIR='.deps'
DLLTOOL='false'
DSYMUTIL=''
DUMPBIN=''
ECHO_C=''
ECHO_N='-n'
ECHO_T=''
EGREP='/usr/bin/grep -E'
EXEEXT=''
FGREP='/usr/bin/grep -F'
GREP='/usr/bin/grep'
INSTALL_DATA='${INSTALL} -m 644'
INSTALL_PROGRAM='${INSTALL}'
INSTALL_SCRIPT='${INSTALL}'
INSTALL_STRIP_PROGRAM='$(install_sh) -c -s'
LD='/usr/bin/ld'
LDFLAGS=''
LIBOBJS=''
LIBS=''
LIBTOOL='$(SHELL) $(top_builddir)/libtool'
LIPO=''
LN_S='ln -s'
LTLIBOBJS=''
LT_SYS_LIBRARY_PATH=''
MAKEINFO='${SHELL} /data/ta_lib/ta-lib-binary/missing makeinfo'
MANIFEST_TOOL=':'
MKDIR_P='/usr/bin/mkdir -p'
NM='/usr/bin/nm -B'
NMEDIT=''
OBJDUMP='objdump'
OBJEXT='o'
OTOOL64=''
OTOOL=''
PACKAGE='ta-lib'
PACKAGE_BUGREPORT='https://github.com/TA-Lib/ta-lib'
PACKAGE_NAME='ta-lib'
PACKAGE_STRING='ta-lib git'
PACKAGE_TARNAME='ta-lib'
PACKAGE_URL=''
PACKAGE_VERSION='git'
PATH_SEPARATOR=':'
POW_LIB=''
RANLIB='ranlib'
SED='/usr/bin/sed'
SET_MAKE=''
SHELL='/bin/bash'
STRIP='strip'
TALIB_LIBRARY_VERSION='0:0:0'
VERSION='git'
ac_ct_AR='ar'
ac_ct_CC='gcc'
ac_ct_DUMPBIN=''
am__EXEEXT_FALSE=''
am__EXEEXT_TRUE='#'
am__fastdepCC_FALSE='#'
am__fastdepCC_TRUE=''
am__include='include'
am__isrc=''
am__leading_dot='.'
am__nodep='_no'
am__quote=''
am__tar='$${TAR-tar} chof - "$$tardir"'
am__untar='$${TAR-tar} xf -'
bindir='${exec_prefix}/bin'
build='aarch64-unknown-linux-gnu'
build_alias=''
build_cpu='aarch64'
build_os='linux-gnu'
build_vendor='unknown'
datadir='${datarootdir}'
datarootdir='${prefix}/share'
docdir='${datarootdir}/doc/${PACKAGE_TARNAME}'
dvidir='${docdir}'
exec_prefix='${prefix}'
host='aarch64-unknown-linux-gnu'
host_alias=''
host_cpu='aarch64'
host_os='linux-gnu'
host_vendor='unknown'
htmldir='${docdir}'
includedir='${prefix}/include'
infodir='${datarootdir}/info'
install_sh='${SHELL} /data/ta_lib/ta-lib-binary/install-sh'
libdir='${exec_prefix}/lib'
libexecdir='${exec_prefix}/libexec'
localedir='${datarootdir}/locale'
localstatedir='${prefix}/var'
mandir='${datarootdir}/man'
mkdir_p='$(MKDIR_P)'
oldincludedir='/usr/include'
pdfdir='${docdir}'
prefix='/usr/local'
program_transform_name='s,x,x,'
psdir='${docdir}'
runstatedir='${localstatedir}/run'
sbindir='${exec_prefix}/sbin'
sharedstatedir='${prefix}/com'
sysconfdir='${prefix}/etc'
target_alias=''

## ----------- ##
## confdefs.h. ##
## ----------- ##

/* confdefs.h */
#define PACKAGE_NAME "ta-lib"
#define PACKAGE_TARNAME "ta-lib"
#define PACKAGE_VERSION "git"
#define PACKAGE_STRING "ta-lib git"
#define PACKAGE_BUGREPORT "https://github.com/TA-Lib/ta-lib"
#define PACKAGE_URL ""
#define PACKAGE "ta-lib"
#define VERSION "git"
#define STDC_HEADERS 1
#define HAVE_SYS_TYPES_H 1
#define HAVE_SYS_STAT_H 1
#define HAVE_STDLIB_H 1
#define HAVE_STRING_H 1
#define HAVE_MEMORY_H 1
#define HAVE_STRINGS_H 1
#define HAVE_INTTYPES_H 1
#define HAVE_STDINT_H 1
#define HAVE_UNISTD_H 1
#define HAVE_DLFCN_H 1
#define LT_OBJDIR ".libs/"
#define STDC_HEADERS 1
#define HAVE_FLOAT_H 1
#define HAVE_INTTYPES_H 1
#define HAVE_LIMITS_H 1
#define HAVE_LOCALE_H 1
#define HAVE_STDDEF_H 1
#define HAVE_STDINT_H 1
#define HAVE_STDLIB_H 1
#define HAVE_STRING_H 1
#define HAVE_UNISTD_H 1
#define HAVE_WCHAR_H 1
#define HAVE_WCTYPE_H 1
#define HAVE_PTRDIFF_T 1
#define RETSIGTYPE void
#define HAVE_STRCOLL 1
#define HAVE_STRFTIME 1
#define HAVE_VPRINTF 1
#define HAVE_ISASCII 1
#define HAVE_LOCALECONV 1
#define HAVE_MBLEN 1
#define HAVE_MEMMOVE 1
#define HAVE_MEMSET 1
#define HAVE_MODF 1
#define HAVE_STRCASECMP 1
#define HAVE_STRCHR 1
#define HAVE_STRERROR 1
#define HAVE_STRNCASECMP 1
#define HAVE_STRRCHR 1
#define HAVE_STRSTR 1
#define HAVE_STRTOL 1
#define HAVE_STRTOUL 1

configure: exit 0
